ALT   UU  ENE  40 35.4168 111 38.2500 2635 .0  P -0.22 -0.88  0.00  0.00 0 0.00 01
ALT   UU  ENN  40 35.4168 111 38.2500 2635 .0  P -0.22 -0.88  0.00  0.00 0 0.00 01
ALT   UU  ENZ  40 35.4168 111 38.2500 2635 .0  P -0.22 -0.88  0.00  0.00 0 0.00 01
ASU4  UU  ENE  40 45.2093 112 04.6930 1284 .0  P -0.00  0.34  0.00  0.00 0 0.00 01
ASU4  UU  ENN  40 45.2093 112 04.6930 1284 .0  P -0.00  0.34  0.00  0.00 0 0.00 01
ASU4  UU  ENZ  40 45.2093 112 04.6930 1284 .0  P -0.00  0.34  0.00  0.00 0 0.00 01
ASU5  UU  ENE  40 48.4999 112 05.4382 1289 .0  P  0.09 -0.50  0.00  0.00 0 0.00 01
ASU5  UU  ENN  40 48.4999 112 05.4382 1289 .0  P  0.09 -0.50  0.00  0.00 0 0.00 01
ASU5  UU  ENZ  40 48.4999 112 05.4382 1289 .0  P  0.09 -0.50  0.00  0.00 0 0.00 01
ASU6  UU  ENE  40 42.9444 112 08.8309 1432 .0  P -0.03 -0.25  0.00  0.00 0 0.00 01
ASU6  UU  ENN  40 42.9444 112 08.8309 1432 .0  P -0.03 -0.25  0.00  0.00 0 0.00 01
ASU6  UU  ENZ  40 42.9444 112 08.8309 1432 .0  P -0.03 -0.25  0.00  0.00 0 0.00 01
CAPU  UU  ENE  40 46.7070 111 53.3980 1384 .0  P  0.18  0.19  0.00  0.00 0 0.00 01
CAPU  UU  ENN  40 46.7070 111 53.3980 1384 .0  P  0.18  0.19  0.00  0.00 0 0.00 01
CAPU  UU  ENZ  40 46.7070 111 53.3980 1384 .0  P  0.18  0.19  0.00  0.00 0 0.00 01
CFS   UU  ENE  40 33.9420 112 05.6100 1654 .0  P  0.18  0.18  0.00  0.00 0 0.00 01
CFS   UU  ENN  40 33.9420 112 05.6100 1654 .0  P  0.18  0.18  0.00  0.00 0 0.00 01
CFS   UU  ENZ  40 33.9420 112 05.6100 1654 .0  P  0.18  0.18  0.00  0.00 0 0.00 01
CHS   UU  ENE  40 35.6832 112 01.0332 1460 .0  P  0.27  0.77  0.00  0.00 0 0.00 01
CHS   UU  ENN  40 35.6832 112 01.0332 1460 .0  P  0.27  0.77  0.00  0.00 0 0.00 01
CHS   UU  ENZ  40 35.6832 112 01.0332 1460 .0  P  0.27  0.77  0.00  0.00 0 0.00 01
COY   UU  ENE  40 39.5598 112 14.3400 1572 .0  P -0.11 -0.40  0.00  0.00 0 0.00 01
COY   UU  ENN  40 39.5598 112 14.3400 1572 .0  P -0.11 -0.40  0.00  0.00 0 0.00 01
COY   UU  ENZ  40 39.5598 112 14.3400 1572 .0  P -0.11 -0.40  0.00  0.00 0 0.00 01
CTU   UU  HHE  40 41.5500 111 45.0204 1731 .0  P -0.06 -0.54  0.00  0.00 0 0.00 01
CTU   UU  HHN  40 41.5500 111 45.0204 1731 .0  P -0.06 -0.54  0.00  0.00 0 0.00 01
CTU   UU  HHZ  40 41.5500 111 45.0204 1731 .0  P -0.06 -0.54  0.00  0.00 0 0.00 01
CTU   UU  ENE  40 41.5500 111 45.0204 1731 .0  P -0.06 -0.54  0.00  0.00 0 0.00 01
CTU   UU  ENN  40 41.5500 111 45.0204 1731 .0  P -0.06 -0.54  0.00  0.00 0 0.00 01
CTU   UU  ENZ  40 41.5500 111 45.0204 1731 .0  P -0.06 -0.54  0.00  0.00 0 0.00 01
DOT   UU  ENE  40 43.6002 111 57.6498 1292 .0  P  0.04  0.84  0.00  0.00 0 0.00 01
DOT   UU  ENN  40 43.6002 111 57.6498 1292 .0  P  0.04  0.84  0.00  0.00 0 0.00 01
DOT   UU  ENZ  40 43.6002 111 57.6498 1292 .0  P  0.04  0.84  0.00  0.00 0 0.00 01
EOCU  UU  ENE  40 46.6200 111 53.9460 1356 .0  P  0.24  0.39  0.00  0.00 0 0.00 01
EOCU  UU  ENN  40 46.6200 111 53.9460 1356 .0  P  0.24  0.39  0.00  0.00 0 0.00 01
EOCU  UU  ENZ  40 46.6200 111 53.9460 1356 .0  P  0.24  0.39  0.00  0.00 0 0.00 01
FTT   UU  ENE  40 41.1666 112 05.0004 1381 .0  P -0.00 -0.09  0.00  0.00 0 0.00 01
FTT   UU  ENN  40 41.1666 112 05.0004 1381 .0  P -0.00 -0.09  0.00  0.00 0 0.00 01
FTT   UU  ENZ  40 41.1666 112 05.0004 1381 .0  P -0.00 -0.09  0.00  0.00 0 0.00 01
GMU   UU  EHE  40 34.5300 111 45.7902 1829 .0  P -0.08 -0.80  0.00  0.00 0 0.00 01
GMU   UU  EHN  40 34.5300 111 45.7902 1829 .0  P -0.08 -0.80  0.00  0.00 0 0.00 01
GMU   UU  EHZ  40 34.5300 111 45.7902 1829 .0  P -0.08 -0.80  0.00  0.00 0 0.00 01
HRU   UU  ENE  40 47.6700 111 53.1402 1620 .0  P  0.03 -0.28  0.00  0.00 0 0.00 01
HRU   UU  ENN  40 47.6700 111 53.1402 1620 .0  P  0.03 -0.28  0.00  0.00 0 0.00 01
HRU   UU  ENZ  40 47.6700 111 53.1402 1620 .0  P  0.03 -0.28  0.00  0.00 0 0.00 01
ICF   UU  ENE  40 46.6800 112 01.6860 1281 .0  P  0.00  0.18  0.00  0.00 0 0.00 01
ICF   UU  ENN  40 46.6800 112 01.6860 1281 .0  P  0.00  0.18  0.00  0.00 0 0.00 01
ICF   UU  ENZ  40 46.6800 112 01.6860 1281 .0  P  0.00  0.18  0.00  0.00 0 0.00 01
JRP   UU  ENE  40 49.5360 111 56.6580 1284 .0  P  0.30  1.10  0.00  0.00 0 0.00 01
JRP   UU  ENN  40 49.5360 111 56.6580 1284 .0  P  0.30  1.10  0.00  0.00 0 0.00 01
JRP   UU  ENZ  40 49.5360 111 56.6580 1284 .0  P  0.30  1.10  0.00  0.00 0 0.00 01
LCU   UU  ENE  40 34.4100 111 47.9100 1571 .0  P  0.06 -0.12  0.00  0.00 0 0.00 01
LCU   UU  ENN  40 34.4100 111 47.9100 1571 .0  P  0.06 -0.12  0.00  0.00 0 0.00 01
LCU   UU  ENZ  40 34.4100 111 47.9100 1571 .0  P  0.06 -0.12  0.00  0.00 0 0.00 01
LGC   UU  ENE  40 54.0360 111 54.5100 1292 .0  P  0.34  0.69  0.00  0.00 0 0.00 01
LGC   UU  ENN  40 54.0360 111 54.5100 1292 .0  P  0.34  0.69  0.00  0.00 0 0.00 01
LGC   UU  ENZ  40 54.0360 111 54.5100 1292 .0  P  0.34  0.69  0.00  0.00 0 0.00 01
LKC   UU  ENE  40 43.6170 112 02.1528 1289 .0  P -0.03 -0.02  0.00  0.00 0 0.00 01
LKC   UU  ENN  40 43.6170 112 02.1528 1289 .0  P -0.03 -0.02  0.00  0.00 0 0.00 01
LKC   UU  ENZ  40 43.6170 112 02.1528 1289 .0  P -0.03 -0.02  0.00  0.00 0 0.00 01
MHD   UU  ENE  40 39.6402 111 48.0498 1597 .0  P  0.02 -0.42  0.00  0.00 0 0.00 01
MHD   UU  ENN  40 39.6402 111 48.0498 1597 .0  P  0.02 -0.42  0.00  0.00 0 0.00 01
MHD   UU  ENZ  40 39.6402 111 48.0498 1597 .0  P  0.02 -0.42  0.00  0.00 0 0.00 01
MID   UU  ENE  40 31.0398 112 15.2802 1722 .0  P  0.03 -0.24  0.00  0.00 0 0.00 01
MID   UU  ENN  40 31.0398 112 15.2802 1722 .0  P  0.03 -0.24  0.00  0.00 0 0.00 01
MID   UU  ENZ  40 31.0398 112 15.2802 1722 .0  P  0.03 -0.24  0.00  0.00 0 0.00 01
MID   UU  HHE  40 31.0398 112 15.2802 1722 .0  P  0.03 -0.24  0.00  0.00 0 0.00 01
MID   UU  HHN  40 31.0398 112 15.2802 1722 .0  P  0.03 -0.24  0.00  0.00 0 0.00 01
MID   UU  HHZ  40 31.0398 112 15.2802 1722 .0  P  0.03 -0.24  0.00  0.00 0 0.00 01
NAI   UU  ENE  41 00.9702 112 13.6800 1472 .0  P -0.01 -0.54  0.00  0.00 0 0.00 01
NAI   UU  ENN  41 00.9702 112 13.6800 1472 .0  P -0.01 -0.54  0.00  0.00 0 0.00 01
NAI   UU  ENZ  41 00.9702 112 13.6800 1472 .0  P -0.01 -0.54  0.00  0.00 0 0.00 01
NOQ   UU  HHE  40 39.1500 112 07.2198 1622 .0  P -0.01 -0.19  0.00  0.00 0 0.00 01
NOQ   UU  HHN  40 39.1500 112 07.2198 1622 .0  P -0.01 -0.19  0.00  0.00 0 0.00 01
NOQ   UU  HHZ  40 39.1500 112 07.2198 1622 .0  P -0.01 -0.19  0.00  0.00 0 0.00 01
NOQ   UU  ENE  40 39.1500 112 07.2198 1622 .0  P -0.01 -0.19  0.00  0.00 0 0.00 01
NOQ   UU  ENN  40 39.1500 112 07.2198 1622 .0  P -0.01 -0.19  0.00  0.00 0 0.00 01
NOQ   UU  ENZ  40 39.1500 112 07.2198 1622 .0  P -0.01 -0.19  0.00  0.00 0 0.00 01
OSS   UU  ENE  40 33.9180 112 01.7280 1517 .0  P  0.32  0.65  0.00  0.00 0 0.00 01
OSS   UU  ENN  40 33.9180 112 01.7280 1517 .0  P  0.32  0.65  0.00  0.00 0 0.00 01
OSS   UU  ENZ  40 33.9180 112 01.7280 1517 .0  P  0.32  0.65  0.00  0.00 0 0.00 01
PGC   UU  ENE  40 22.7178 111 42.6144 1707 .0  P -0.07 -0.56  0.00  0.00 0 0.00 01
PGC   UU  ENN  40 22.7178 111 42.6144 1707 .0  P -0.07 -0.56  0.00  0.00 0 0.00 01
PGC   UU  ENZ  40 22.7178 111 42.6144 1707 .0  P -0.07 -0.56  0.00  0.00 0 0.00 01
RBU   UU  ENE  40 46.8498 111 48.4998 1676 .0  P -0.07 -0.48  0.00  0.00 0 0.00 01
RBU   UU  ENN  40 46.8498 111 48.4998 1676 .0  P -0.07 -0.48  0.00  0.00 0 0.00 01
RBU   UU  ENZ  40 46.8498 111 48.4998 1676 .0  P -0.07 -0.48  0.00  0.00 0 0.00 01
RPF   UU  ENE  40 46.5189 111 55.2154 1287 .0  P  0.30  1.05  0.00  0.00 0 0.00 01
RPF   UU  ENN  40 46.5189 111 55.2154 1287 .0  P  0.30  1.05  0.00  0.00 0 0.00 01
RPF   UU  ENZ  40 46.5189 111 55.2154 1287 .0  P  0.30  1.05  0.00  0.00 0 0.00 01
SAIU  UU  ENE  40 51.2898 112 10.8900 1384 .0  P -0.03 -0.36  0.00  0.00 0 0.00 01
SAIU  UU  ENN  40 51.2898 112 10.8900 1384 .0  P -0.03 -0.36  0.00  0.00 0 0.00 01
SAIU  UU  ENZ  40 51.2898 112 10.8900 1384 .0  P -0.03 -0.36  0.00  0.00 0 0.00 01
SCC   UU  ENE  40 40.4922 111 56.3700 1306 .0  P  0.36  0.92  0.00  0.00 0 0.00 01
SCC   UU  ENN  40 40.4922 111 56.3700 1306 .0  P  0.36  0.92  0.00  0.00 0 0.00 01
SCC   UU  ENZ  40 40.4922 111 56.3700 1306 .0  P  0.36  0.92  0.00  0.00 0 0.00 01
SNUT  UU  ENE  40 53.1402 112 30.5400 1652 .0  P  0.15  0.00  0.00  0.00 0 0.00 01
SNUT  UU  ENN  40 53.1402 112 30.5400 1652 .0  P  0.15  0.00  0.00  0.00 0 0.00 01
SNUT  UU  ENZ  40 53.1402 112 30.5400 1652 .0  P  0.15  0.00  0.00  0.00 0 0.00 01
TCMU  UU  ENE  40 26.2620 111 42.7080 2045 .0  P -0.15 -1.11  0.00  0.00 0 0.00 01
TCMU  UU  ENN  40 26.2620 111 42.7080 2045 .0  P -0.15 -1.11  0.00  0.00 0 0.00 01
TCMU  UU  ENZ  40 26.2620 111 42.7080 2045 .0  P -0.15 -1.11  0.00  0.00 0 0.00 01
UT01  GS  HH2  40 39.5598 112 14.3400 1572 .0  P -0.08 -0.37  0.00  0.00 0 0.00 00
UT01  GS  HH1  40 39.5598 112 14.3400 1572 .0  P -0.08 -0.37  0.00  0.00 0 0.00 00
UT01  GS  HHZ  40 39.5598 112 14.3400 1572 .0  P -0.08 -0.37  0.00  0.00 0 0.00 00
UT02  GS  HH2  40 41.8494 112 36.6144 1400 .0  P -0.03  0.00  0.00  0.00 0 0.00 00
UT02  GS  HH1  40 41.8494 112 36.6144 1400 .0  P -0.03  0.00  0.00  0.00 0 0.00 00
UT02  GS  HHZ  40 41.8494 112 36.6144 1400 .0  P -0.03  0.00  0.00  0.00 0 0.00 00
VEC   UU  ENE  40 39.2088 112 01.9512 1480 .0  P  0.14  0.28  0.00  0.00 0 0.00 01
VEC   UU  ENN  40 39.2088 112 01.9512 1480 .0  P  0.14  0.28  0.00  0.00 0 0.00 01
VEC   UU  ENZ  40 39.2088 112 01.9512 1480 .0  P  0.14  0.28  0.00  0.00 0 0.00 01
WBC   UU  ENE  41 08.3820 111 54.0480 1602 .0  P -0.02 -0.34  0.00  0.00 0 0.00 01
WBC   UU  ENN  41 08.3820 111 54.0480 1602 .0  P -0.02 -0.34  0.00  0.00 0 0.00 01
WBC   UU  ENZ  41 08.3820 111 54.0480 1602 .0  P -0.02 -0.34  0.00  0.00 0 0.00 01
WRP   UU  ENE  40 48.8166 111 55.8666 1288 .0  P  0.34  0.86  0.00  0.00 0 0.00 01
WRP   UU  ENN  40 48.8166 111 55.8666 1288 .0  P  0.34  0.86  0.00  0.00 0 0.00 01
WRP   UU  ENZ  40 48.8166 111 55.8666 1288 .0  P  0.34  0.86  0.00  0.00 0 0.00 01
WTU   UU  EHE  40 27.2898 111 57.2100 1552 .0  P  0.34  0.25  0.00  0.00 0 0.00 01
WTU   UU  EHN  40 27.2898 111 57.2100 1552 .0  P  0.34  0.25  0.00  0.00 0 0.00 01
WTU   UU  EHZ  40 27.2898 111 57.2100 1552 .0  P  0.34  0.25  0.00  0.00 0 0.00 01
WTU   UU  ENE  40 27.2898 111 57.2100 1552 .0  P  0.34  0.25  0.00  0.00 0 0.00 01
WTU   UU  ENN  40 27.2898 111 57.2100 1552 .0  P  0.34  0.25  0.00  0.00 0 0.00 01
WTU   UU  ENZ  40 27.2898 111 57.2100 1552 .0  P  0.34  0.25  0.00  0.00 0 0.00 01
001   UU  EHE  40 45.2382 112 01.5099 1272 .0  P  0.00  0.01  0.00  0.00 0 0.00 01
001   UU  EHN  40 45.2382 112 01.5099 1272 .0  P  0.00  0.01  0.00  0.00 0 0.00 01
001   UU  EHZ  40 45.2382 112 01.5099 1272 .0  P  0.00  0.01  0.00  0.00 0 0.00 01
002   UU  EHE  40 44.3920 112 02.2992 1270 .0  P  0.00 -0.23  0.00  0.00 0 0.00 01
002   UU  EHN  40 44.3920 112 02.2992 1270 .0  P  0.00 -0.23  0.00  0.00 0 0.00 01
002   UU  EHZ  40 44.3920 112 02.2992 1270 .0  P  0.00 -0.23  0.00  0.00 0 0.00 01
003   UU  EHE  40 44.4018 112 03.3491 1270 .0  P  0.00  0.23  0.00  0.00 0 0.00 01
003   UU  EHN  40 44.4018 112 03.3491 1270 .0  P  0.00  0.23  0.00  0.00 0 0.00 01
003   UU  EHZ  40 44.4018 112 03.3491 1270 .0  P  0.00  0.23  0.00  0.00 0 0.00 01
004   UU  EHE  40 44.4074 112 04.4004 1269 .0  P  0.00  0.00  0.00  0.00 0 0.00 01
004   UU  EHN  40 44.4074 112 04.4004 1269 .0  P  0.00  0.00  0.00  0.00 0 0.00 01
004   UU  EHZ  40 44.4074 112 04.4004 1269 .0  P  0.00  0.00  0.00  0.00 0 0.00 01
005   UU  EHE  40 44.5161 112 04.6414 1266 .0  P  0.00  0.30  0.00  0.00 0 0.00 01
005   UU  EHN  40 44.5161 112 04.6414 1266 .0  P  0.00  0.30  0.00  0.00 0 0.00 01
005   UU  EHZ  40 44.5161 112 04.6414 1266 .0  P  0.00  0.30  0.00  0.00 0 0.00 01
006   UU  EHE  40 44.8961 112 03.8193 1270 .0  P  0.00  0.25  0.00  0.00 0 0.00 01
006   UU  EHN  40 44.8961 112 03.8193 1270 .0  P  0.00  0.25  0.00  0.00 0 0.00 01
006   UU  EHZ  40 44.8961 112 03.8193 1270 .0  P  0.00  0.25  0.00  0.00 0 0.00 01
007   UU  EHE  40 45.3658 112 03.7942 1297 .0  P  0.00  0.20  0.00  0.00 0 0.00 01
007   UU  EHN  40 45.3658 112 03.7942 1297 .0  P  0.00  0.20  0.00  0.00 0 0.00 01
007   UU  EHZ  40 45.3658 112 03.7942 1297 .0  P  0.00  0.20  0.00  0.00 0 0.00 01
008   UU  EHE  40 45.7711 112 03.7873 1268 .0  P  0.00  0.21  0.00  0.00 0 0.00 01
008   UU  EHN  40 45.7711 112 03.7873 1268 .0  P  0.00  0.21  0.00  0.00 0 0.00 01
008   UU  EHZ  40 45.7711 112 03.7873 1268 .0  P  0.00  0.21  0.00  0.00 0 0.00 01
009   UU  EHE  40 46.2861 112 05.0302 1266 .0  P  0.00  0.35  0.00  0.00 0 0.00 01
009   UU  EHN  40 46.2861 112 05.0302 1266 .0  P  0.00  0.35  0.00  0.00 0 0.00 01
009   UU  EHZ  40 46.2861 112 05.0302 1266 .0  P  0.00  0.35  0.00  0.00 0 0.00 01
010   UU  EHE  40 46.5235 112 01.6179 1271 .0  P  0.00  0.23  0.00  0.00 0 0.00 01
010   UU  EHN  40 46.5235 112 01.6179 1271 .0  P  0.00  0.23  0.00  0.00 0 0.00 01
010   UU  EHZ  40 46.5235 112 01.6179 1271 .0  P  0.00  0.23  0.00  0.00 0 0.00 01
011   UU  EHE  40 41.4749 112 03.9349 1323 .0  P  0.00 -0.08  0.00  0.00 0 0.00 01
011   UU  EHN  40 41.4749 112 03.9349 1323 .0  P  0.00 -0.08  0.00  0.00 0 0.00 01
011   UU  EHZ  40 41.4749 112 03.9349 1323 .0  P  0.00 -0.08  0.00  0.00 0 0.00 01
012   UU  EHE  40 42.1967 112 04.9694 1298 .0  P  0.00 -0.29  0.00  0.00 0 0.00 01
012   UU  EHN  40 42.1967 112 04.9694 1298 .0  P  0.00 -0.29  0.00  0.00 0 0.00 01
012   UU  EHZ  40 42.1967 112 04.9694 1298 .0  P  0.00 -0.29  0.00  0.00 0 0.00 01
013   UU  EHE  40 42.4840 112 06.5522 1295 .0  P  0.00 -0.16  0.00  0.00 0 0.00 01
013   UU  EHN  40 42.4840 112 06.5522 1295 .0  P  0.00 -0.16  0.00  0.00 0 0.00 01
013   UU  EHZ  40 42.4840 112 06.5522 1295 .0  P  0.00 -0.16  0.00  0.00 0 0.00 01
014   UU  EHE  40 41.7956 112 06.4104 1348 .0  P  0.00 -0.24  0.00  0.00 0 0.00 01
014   UU  EHN  40 41.7956 112 06.4104 1348 .0  P  0.00 -0.24  0.00  0.00 0 0.00 01
014   UU  EHZ  40 41.7956 112 06.4104 1348 .0  P  0.00 -0.24  0.00  0.00 0 0.00 01
015   UU  EHE  40 42.2782 112 04.2927 1290 .0  P  0.00 -0.06  0.00  0.00 0 0.00 01
015   UU  EHN  40 42.2782 112 04.2927 1290 .0  P  0.00 -0.06  0.00  0.00 0 0.00 01
015   UU  EHZ  40 42.2782 112 04.2927 1290 .0  P  0.00 -0.06  0.00  0.00 0 0.00 01
016   UU  EHE  40 42.0394 112 03.7207 1310 .0  P  0.00 -0.15  0.00  0.00 0 0.00 01
016   UU  EHN  40 42.0394 112 03.7207 1310 .0  P  0.00 -0.15  0.00  0.00 0 0.00 01
016   UU  EHZ  40 42.0394 112 03.7207 1310 .0  P  0.00 -0.15  0.00  0.00 0 0.00 01
017   UU  EHE  40 40.5269 112 01.0788 1369 .0  P  0.00  0.22  0.00  0.00 0 0.00 01
017   UU  EHN  40 40.5269 112 01.0788 1369 .0  P  0.00  0.22  0.00  0.00 0 0.00 01
017   UU  EHZ  40 40.5269 112 01.0788 1369 .0  P  0.00  0.22  0.00  0.00 0 0.00 01
018   UU  EHE  40 40.2653 112 01.3233 1368 .0  P  0.00  0.23  0.00  0.00 0 0.00 01
018   UU  EHN  40 40.2653 112 01.3233 1368 .0  P  0.00  0.23  0.00  0.00 0 0.00 01
018   UU  EHZ  40 40.2653 112 01.3233 1368 .0  P  0.00  0.23  0.00  0.00 0 0.00 01
019   UU  EHE  40 38.4735 112 01.6124 1459 .0  P  0.00  0.25  0.00  0.00 0 0.00 01
019   UU  EHN  40 38.4735 112 01.6124 1459 .0  P  0.00  0.25  0.00  0.00 0 0.00 01
019   UU  EHZ  40 38.4735 112 01.6124 1459 .0  P  0.00  0.25  0.00  0.00 0 0.00 01
020   UU  EHE  40 44.8080 111 52.2030 1304 .0  P  0.00  0.81  0.00  0.00 0 0.00 01
020   UU  EHN  40 44.8080 111 52.2030 1304 .0  P  0.00  0.81  0.00  0.00 0 0.00 01
020   UU  EHZ  40 44.8080 111 52.2030 1304 .0  P  0.00  0.81  0.00  0.00 0 0.00 01
021   UU  EHE  40 44.5418 111 51.7069 1330 .0  P  0.00  0.33  0.00  0.00 0 0.00 01
021   UU  EHN  40 44.5418 111 51.7069 1330 .0  P  0.00  0.33  0.00  0.00 0 0.00 01
021   UU  EHZ  40 44.5418 111 51.7069 1330 .0  P  0.00  0.33  0.00  0.00 0 0.00 01
022   UU  EHE  40 45.1589 111 51.8197 1318 .0  P  0.00  0.30  0.00  0.00 0 0.00 01
022   UU  EHN  40 45.1589 111 51.8197 1318 .0  P  0.00  0.30  0.00  0.00 0 0.00 01
022   UU  EHZ  40 45.1589 111 51.8197 1318 .0  P  0.00  0.30  0.00  0.00 0 0.00 01
023   UU  EHE  40 44.5587 111 51.2795 1369 .0  P  0.00  0.38  0.00  0.00 0 0.00 01
023   UU  EHN  40 44.5587 111 51.2795 1369 .0  P  0.00  0.38  0.00  0.00 0 0.00 01
023   UU  EHZ  40 44.5587 111 51.2795 1369 .0  P  0.00  0.38  0.00  0.00 0 0.00 01
024   UU  EHE  40 47.1884 111 55.8017 1285 .0  P  0.00  0.95  0.00  0.00 0 0.00 01
024   UU  EHN  40 47.1884 111 55.8017 1285 .0  P  0.00  0.95  0.00  0.00 0 0.00 01
024   UU  EHZ  40 47.1884 111 55.8017 1285 .0  P  0.00  0.95  0.00  0.00 0 0.00 01
025   UU  EHE  40 42.4394 112 04.3346 1296 .0  P  0.00 -0.10  0.00  0.00 0 0.00 01
025   UU  EHN  40 42.4394 112 04.3346 1296 .0  P  0.00 -0.10  0.00  0.00 0 0.00 01
025   UU  EHZ  40 42.4394 112 04.3346 1296 .0  P  0.00 -0.10  0.00  0.00 0 0.00 01
026   UU  EHE  40 42.4213 112 03.8635 1304 .0  P  0.00  0.01  0.00  0.00 0 0.00 01
026   UU  EHN  40 42.4213 112 03.8635 1304 .0  P  0.00  0.01  0.00  0.00 0 0.00 01
026   UU  EHZ  40 42.4213 112 03.8635 1304 .0  P  0.00  0.01  0.00  0.00 0 0.00 01
027   UU  EHE  40 42.1219 112 02.5284 1299 .0  P  0.00 -0.09  0.00  0.00 0 0.00 01
027   UU  EHN  40 42.1219 112 02.5284 1299 .0  P  0.00 -0.09  0.00  0.00 0 0.00 01
027   UU  EHZ  40 42.1219 112 02.5284 1299 .0  P  0.00 -0.09  0.00  0.00 0 0.00 01
028   UU  EHE  40 41.4431 112 04.9517 1362 .0  P  0.00 -0.05  0.00  0.00 0 0.00 01
028   UU  EHN  40 41.4431 112 04.9517 1362 .0  P  0.00 -0.05  0.00  0.00 0 0.00 01
028   UU  EHZ  40 41.4431 112 04.9517 1362 .0  P  0.00 -0.05  0.00  0.00 0 0.00 01
029   UU  EHE  40 38.8498 112 02.2490 1494 .0  P  0.00  0.31  0.00  0.00 0 0.00 01
029   UU  EHN  40 38.8498 112 02.2490 1494 .0  P  0.00  0.31  0.00  0.00 0 0.00 01
029   UU  EHZ  40 38.8498 112 02.2490 1494 .0  P  0.00  0.31  0.00  0.00 0 0.00 01
030   UU  EHE  40 39.4261 111 58.8456 1371 .0  P  0.00  0.51  0.00  0.00 0 0.00 01
030   UU  EHN  40 39.4261 111 58.8456 1371 .0  P  0.00  0.51  0.00  0.00 0 0.00 01
030   UU  EHZ  40 39.4261 111 58.8456 1371 .0  P  0.00  0.51  0.00  0.00 0 0.00 01
031   UU  EHE  40 39.6459 111 58.7907 1362 .0  P  0.00  0.53  0.00  0.00 0 0.00 01
031   UU  EHN  40 39.6459 111 58.7907 1362 .0  P  0.00  0.53  0.00  0.00 0 0.00 01
031   UU  EHZ  40 39.6459 111 58.7907 1362 .0  P  0.00  0.53  0.00  0.00 0 0.00 01
032   UU  EHE  40 38.2352 111 59.3817 1400 .0  P  0.00  0.00  0.00  0.00 0 0.00 01
032   UU  EHN  40 38.2352 111 59.3817 1400 .0  P  0.00  0.00  0.00  0.00 0 0.00 01
032   UU  EHZ  40 38.2352 111 59.3817 1400 .0  P  0.00  0.00  0.00  0.00 0 0.00 01
033   UU  EHE  40 36.8479 111 58.1793 1369 .0  P  0.00  0.68  0.00  0.00 0 0.00 01
033   UU  EHN  40 36.8479 111 58.1793 1369 .0  P  0.00  0.68  0.00  0.00 0 0.00 01
033   UU  EHZ  40 36.8479 111 58.1793 1369 .0  P  0.00  0.68  0.00  0.00 0 0.00 01
034   UU  EHE  40 30.4199 111 51.1820 1398 .0  P  0.00  0.10  0.00  0.00 0 0.00 01
034   UU  EHN  40 30.4199 111 51.1820 1398 .0  P  0.00  0.10  0.00  0.00 0 0.00 01
034   UU  EHZ  40 30.4199 111 51.1820 1398 .0  P  0.00  0.10  0.00  0.00 0 0.00 01
035   UU  EHE  40 33.3373 111 51.3299 1428 .0  P  0.00  0.38  0.00  0.00 0 0.00 01
035   UU  EHN  40 33.3373 111 51.3299 1428 .0  P  0.00  0.38  0.00  0.00 0 0.00 01
035   UU  EHZ  40 33.3373 111 51.3299 1428 .0  P  0.00  0.38  0.00  0.00 0 0.00 01
036   UU  EHE  40 41.5287 111 52.6465 1303 .0  P  0.00  0.69  0.00  0.00 0 0.00 01
036   UU  EHN  40 41.5287 111 52.6465 1303 .0  P  0.00  0.69  0.00  0.00 0 0.00 01
036   UU  EHZ  40 41.5287 111 52.6465 1303 .0  P  0.00  0.69  0.00  0.00 0 0.00 01
037   UU  EHE  40 44.1691 111 55.9964 1288 .0  P  0.00  1.08  0.00  0.00 0 0.00 01
037   UU  EHN  40 44.1691 111 55.9964 1288 .0  P  0.00  1.08  0.00  0.00 0 0.00 01
037   UU  EHZ  40 44.1691 111 55.9964 1288 .0  P  0.00  1.08  0.00  0.00 0 0.00 01
038   UU  EHE  40 44.5137 111 48.6632 1535 .0  P  0.00 -0.22  0.00  0.00 0 0.00 01
038   UU  EHN  40 44.5137 111 48.6632 1535 .0  P  0.00 -0.22  0.00  0.00 0 0.00 01
038   UU  EHZ  40 44.5137 111 48.6632 1535 .0  P  0.00 -0.22  0.00  0.00 0 0.00 01
039   UU  EHE  40 42.4156 111 47.7071 1512 .0  P  0.00 -0.49  0.00  0.00 0 0.00 01
039   UU  EHN  40 42.4156 111 47.7071 1512 .0  P  0.00 -0.49  0.00  0.00 0 0.00 01
039   UU  EHZ  40 42.4156 111 47.7071 1512 .0  P  0.00 -0.49  0.00  0.00 0 0.00 01
040   UU  EHE  40 44.5248 111 50.0640 1416 .0  P  0.00 -0.07  0.00  0.00 0 0.00 01
040   UU  EHN  40 44.5248 111 50.0640 1416 .0  P  0.00 -0.07  0.00  0.00 0 0.00 01
040   UU  EHZ  40 44.5248 111 50.0640 1416 .0  P  0.00 -0.07  0.00  0.00 0 0.00 01
049   UU  EHE  40 43.9713 111 52.1178 1298 .0  P  0.00  0.91  0.00  0.00 0 0.00 01
049   UU  EHN  40 43.9713 111 52.1178 1298 .0  P  0.00  0.91  0.00  0.00 0 0.00 01
049   UU  EHZ  40 43.9713 111 52.1178 1298 .0  P  0.00  0.91  0.00  0.00 0 0.00 01
050   UU  EHE  40 43.0789 112 06.7771 1275 .0  P  0.00 -0.06  0.00  0.00 0 0.00 01
050   UU  EHN  40 43.0789 112 06.7771 1275 .0  P  0.00 -0.06  0.00  0.00 0 0.00 01
050   UU  EHZ  40 43.0789 112 06.7771 1275 .0  P  0.00 -0.06  0.00  0.00 0 0.00 01
051   UU  EHE  40 42.9439 112 07.6009 1300 .0  P  0.00 -0.31  0.00  0.00 0 0.00 01
051   UU  EHN  40 42.9439 112 07.6009 1300 .0  P  0.00 -0.31  0.00  0.00 0 0.00 01
051   UU  EHZ  40 42.9439 112 07.6009 1300 .0  P  0.00 -0.31  0.00  0.00 0 0.00 01
052   UU  EHE  40 43.1151 112 08.4127 1304 .0  P  0.00 -0.16  0.00  0.00 0 0.00 01
052   UU  EHN  40 43.1151 112 08.4127 1304 .0  P  0.00 -0.16  0.00  0.00 0 0.00 01
052   UU  EHZ  40 43.1151 112 08.4127 1304 .0  P  0.00 -0.16  0.00  0.00 0 0.00 01
053   UU  EHE  40 43.5793 112 09.8248 1272 .0  P  0.00 -0.06  0.00  0.00 0 0.00 01
053   UU  EHN  40 43.5793 112 09.8248 1272 .0  P  0.00 -0.06  0.00  0.00 0 0.00 01
053   UU  EHZ  40 43.5793 112 09.8248 1272 .0  P  0.00 -0.06  0.00  0.00 0 0.00 01
054   UU  EHE  40 44.2826 112 10.4824 1267 .0  P  0.00  0.26  0.00  0.00 0 0.00 01
054   UU  EHN  40 44.2826 112 10.4824 1267 .0  P  0.00  0.26  0.00  0.00 0 0.00 01
054   UU  EHZ  40 44.2826 112 10.4824 1267 .0  P  0.00  0.26  0.00  0.00 0 0.00 01
055   UU  EHE  40 45.4989 112 10.1399 1265 .0  P  0.00  0.42  0.00  0.00 0 0.00 01
055   UU  EHN  40 45.4989 112 10.1399 1265 .0  P  0.00  0.42  0.00  0.00 0 0.00 01
055   UU  EHZ  40 45.4989 112 10.1399 1265 .0  P  0.00  0.42  0.00  0.00 0 0.00 01
056   UU  EHE  40 45.2004 112 10.5257 1266 .0  P  0.00  0.00  0.00  0.00 0 0.00 01
056   UU  EHN  40 45.2004 112 10.5257 1266 .0  P  0.00  0.00  0.00  0.00 0 0.00 01
056   UU  EHZ  40 45.2004 112 10.5257 1266 .0  P  0.00  0.00  0.00  0.00 0 0.00 01
057   UU  EHE  40 44.9316 112 10.8272 1265 .0  P  0.00  0.42  0.00  0.00 0 0.00 01
057   UU  EHN  40 44.9316 112 10.8272 1265 .0  P  0.00  0.42  0.00  0.00 0 0.00 01
057   UU  EHZ  40 44.9316 112 10.8272 1265 .0  P  0.00  0.42  0.00  0.00 0 0.00 01
058   UU  EHE  40 44.9034 112 11.1340 1267 .0  P  0.00  0.61  0.00  0.00 0 0.00 01
058   UU  EHN  40 44.9034 112 11.1340 1267 .0  P  0.00  0.61  0.00  0.00 0 0.00 01
058   UU  EHZ  40 44.9034 112 11.1340 1267 .0  P  0.00  0.61  0.00  0.00 0 0.00 01
059   UU  EHE  40 45.7937 112 09.7425 1271 .0  P  0.00  0.32  0.00  0.00 0 0.00 01
059   UU  EHN  40 45.7937 112 09.7425 1271 .0  P  0.00  0.32  0.00  0.00 0 0.00 01
059   UU  EHZ  40 45.7937 112 09.7425 1271 .0  P  0.00  0.32  0.00  0.00 0 0.00 01
060   UU  EHE  40 46.0328 112 09.4221 1271 .0  P  0.00  0.35  0.00  0.00 0 0.00 01
060   UU  EHN  40 46.0328 112 09.4221 1271 .0  P  0.00  0.35  0.00  0.00 0 0.00 01
060   UU  EHZ  40 46.0328 112 09.4221 1271 .0  P  0.00  0.35  0.00  0.00 0 0.00 01
061   UU  EHE  40 46.2652 112 09.0036 1270 .0  P  0.00  0.42  0.00  0.00 0 0.00 01
061   UU  EHN  40 46.2652 112 09.0036 1270 .0  P  0.00  0.42  0.00  0.00 0 0.00 01
061   UU  EHZ  40 46.2652 112 09.0036 1270 .0  P  0.00  0.42  0.00  0.00 0 0.00 01
062   UU  EHE  40 46.3289 112 08.3414 1269 .0  P  0.00  0.47  0.00  0.00 0 0.00 01
062   UU  EHN  40 46.3289 112 08.3414 1269 .0  P  0.00  0.47  0.00  0.00 0 0.00 01
062   UU  EHZ  40 46.3289 112 08.3414 1269 .0  P  0.00  0.47  0.00  0.00 0 0.00 01
064   UU  EHE  40 46.3206 112 06.0395 1266 .0  P  0.00  0.53  0.00  0.00 0 0.00 01
064   UU  EHN  40 46.3206 112 06.0395 1266 .0  P  0.00  0.53  0.00  0.00 0 0.00 01
064   UU  EHZ  40 46.3206 112 06.0395 1266 .0  P  0.00  0.53  0.00  0.00 0 0.00 01
101   UU  EHE  40 30.5159 112 19.4546 1548 .0  P  0.00  0.29  0.00  0.00 0 0.00 01
101   UU  EHN  40 30.5159 112 19.4546 1548 .0  P  0.00  0.29  0.00  0.00 0 0.00 01
101   UU  EHZ  40 30.5159 112 19.4546 1548 .0  P  0.00  0.29  0.00  0.00 0 0.00 01
102   UU  EHE  40 38.0521 112 18.5114 1306 .0  P  0.00  0.38  0.00  0.00 0 0.00 01
102   UU  EHN  40 38.0521 112 18.5114 1306 .0  P  0.00  0.38  0.00  0.00 0 0.00 01
102   UU  EHZ  40 38.0521 112 18.5114 1306 .0  P  0.00  0.38  0.00  0.00 0 0.00 01
103   UU  EHE  40 41.3517 112 03.9536 1348 .0  P  0.00 -0.11  0.00  0.00 0 0.00 01
103   UU  EHN  40 41.3517 112 03.9536 1348 .0  P  0.00 -0.11  0.00  0.00 0 0.00 01
103   UU  EHZ  40 41.3517 112 03.9536 1348 .0  P  0.00 -0.11  0.00  0.00 0 0.00 01
104   UU  EHE  40 42.4404 111 59.8325 1293 .0  P  0.00  0.40  0.00  0.00 0 0.00 01
104   UU  EHN  40 42.4404 111 59.8325 1293 .0  P  0.00  0.40  0.00  0.00 0 0.00 01
104   UU  EHZ  40 42.4404 111 59.8325 1293 .0  P  0.00  0.40  0.00  0.00 0 0.00 01
105   UU  EHE  40 43.5324 111 52.5049 1317 .0  P  0.00  0.00  0.00  0.00 0 0.00 01
105   UU  EHN  40 43.5324 111 52.5049 1317 .0  P  0.00  0.00  0.00  0.00 0 0.00 01
105   UU  EHZ  40 43.5324 111 52.5049 1317 .0  P  0.00  0.00  0.00  0.00 0 0.00 01
106   UU  EHE  40 43.2787 111 52.3624 1308 .0  P  0.00  0.00  0.00  0.00 0 0.00 01
106   UU  EHN  40 43.2787 111 52.3624 1308 .0  P  0.00  0.00  0.00  0.00 0 0.00 01
106   UU  EHZ  40 43.2787 111 52.3624 1308 .0  P  0.00  0.00  0.00  0.00 0 0.00 01
107   UU  EHE  40 43.9358 111 51.6326 1330 .0  P  0.00  0.00  0.00  0.00 0 0.00 01
107   UU  EHN  40 43.9358 111 51.6326 1330 .0  P  0.00  0.00  0.00  0.00 0 0.00 01
107   UU  EHZ  40 43.9358 111 51.6326 1330 .0  P  0.00  0.00  0.00  0.00 0 0.00 01
110   UU  EHE  40 45.3151 111 52.6632 1311 .0  P  0.00  0.00  0.00  0.00 0 0.00 01
110   UU  EHN  40 45.3151 111 52.6632 1311 .0  P  0.00  0.00  0.00  0.00 0 0.00 01
110   UU  EHZ  40 45.3151 111 52.6632 1311 .0  P  0.00  0.00  0.00  0.00 0 0.00 01
111   UU  EHE  40 46.5382 111 51.6983 1419 .0  P  0.00  0.00  0.00  0.00 0 0.00 01
111   UU  EHN  40 46.5382 111 51.6983 1419 .0  P  0.00  0.00  0.00  0.00 0 0.00 01
111   UU  EHZ  40 46.5382 111 51.6983 1419 .0  P  0.00  0.00  0.00  0.00 0 0.00 01
114   UU  EHE  40 46.3010 111 52.6220 1353 .0  P  0.00  0.00  0.00  0.00 0 0.00 01
114   UU  EHN  40 46.3010 111 52.6220 1353 .0  P  0.00  0.00  0.00  0.00 0 0.00 01
114   UU  EHZ  40 46.3010 111 52.6220 1353 .0  P  0.00  0.00  0.00  0.00 0 0.00 01
115   UU  EHE  40 46.4188 111 53.1086 1346 .0  P  0.00  0.00  0.00  0.00 0 0.00 01
115   UU  EHN  40 46.4188 111 53.1086 1346 .0  P  0.00  0.00  0.00  0.00 0 0.00 01
115   UU  EHZ  40 46.4188 111 53.1086 1346 .0  P  0.00  0.00  0.00  0.00 0 0.00 01
116   UU  EHE  40 46.8070 111 53.4157 1376 .0  P  0.00  0.00  0.00  0.00 0 0.00 01
116   UU  EHN  40 46.8070 111 53.4157 1376 .0  P  0.00  0.00  0.00  0.00 0 0.00 01
116   UU  EHZ  40 46.8070 111 53.4157 1376 .0  P  0.00  0.00  0.00  0.00 0 0.00 01
117   UU  EHE  40 46.7947 111 53.9458 1303 .0  P  0.00  0.00  0.00  0.00 0 0.00 01
117   UU  EHN  40 46.7947 111 53.9458 1303 .0  P  0.00  0.00  0.00  0.00 0 0.00 01
117   UU  EHZ  40 46.7947 111 53.9458 1303 .0  P  0.00  0.00  0.00  0.00 0 0.00 01
119   UU  EHE  40 39.3751 111 53.0039 1319 .0  P  0.00  0.00  0.00  0.00 0 0.00 01
119   UU  EHN  40 39.3751 111 53.0039 1319 .0  P  0.00  0.00  0.00  0.00 0 0.00 01
119   UU  EHZ  40 39.3751 111 53.0039 1319 .0  P  0.00  0.00  0.00  0.00 0 0.00 01
120   UU  EHE  40 40.8822 111 52.2572 1311 .0  P  0.00  0.00  0.00  0.00 0 0.00 01
120   UU  EHN  40 40.8822 111 52.2572 1311 .0  P  0.00  0.00  0.00  0.00 0 0.00 01
120   UU  EHZ  40 40.8822 111 52.2572 1311 .0  P  0.00  0.00  0.00  0.00 0 0.00 01
121   UU  EHE  40 40.9810 111 52.1506 1307 .0  P  0.00  0.00  0.00  0.00 0 0.00 01
121   UU  EHN  40 40.9810 111 52.1506 1307 .0  P  0.00  0.00  0.00  0.00 0 0.00 01
121   UU  EHZ  40 40.9810 111 52.1506 1307 .0  P  0.00  0.00  0.00  0.00 0 0.00 01
122   UU  EHE  40 41.6297 111 52.9480 1300 .0  P  0.00  0.00  0.00  0.00 0 0.00 01
122   UU  EHN  40 41.6297 111 52.9480 1300 .0  P  0.00  0.00  0.00  0.00 0 0.00 01
122   UU  EHZ  40 41.6297 111 52.9480 1300 .0  P  0.00  0.00  0.00  0.00 0 0.00 01
123   UU  EHE  40 41.3628 111 52.8740 1302 .0  P  0.00  0.00  0.00  0.00 0 0.00 01
123   UU  EHN  40 41.3628 111 52.8740 1302 .0  P  0.00  0.00  0.00  0.00 0 0.00 01
123   UU  EHZ  40 41.3628 111 52.8740 1302 .0  P  0.00  0.00  0.00  0.00 0 0.00 01
124   UU  EHE  40 41.4898 111 51.6421 1316 .0  P  0.00  0.00  0.00  0.00 0 0.00 01
124   UU  EHN  40 41.4898 111 51.6421 1316 .0  P  0.00  0.00  0.00  0.00 0 0.00 01
124   UU  EHZ  40 41.4898 111 51.6421 1316 .0  P  0.00  0.00  0.00  0.00 0 0.00 01
125   UU  EHE  40 42.5095 111 51.1271 1348 .0  P  0.00  0.00  0.00  0.00 0 0.00 01
125   UU  EHN  40 42.5095 111 51.1271 1348 .0  P  0.00  0.00  0.00  0.00 0 0.00 01
125   UU  EHZ  40 42.5095 111 51.1271 1348 .0  P  0.00  0.00  0.00  0.00 0 0.00 01
126   UU  EHE  40 43.8482 111 51.9080 1318 .0  P  0.00  0.00  0.00  0.00 0 0.00 01
126   UU  EHN  40 43.8482 111 51.9080 1318 .0  P  0.00  0.00  0.00  0.00 0 0.00 01
126   UU  EHZ  40 43.8482 111 51.9080 1318 .0  P  0.00  0.00  0.00  0.00 0 0.00 01
127   UU  EHE  40 42.5104 111 47.9792 1844 .0  P  0.00  0.00  0.00  0.00 0 0.00 01
127   UU  EHN  40 42.5104 111 47.9792 1844 .0  P  0.00  0.00  0.00  0.00 0 0.00 01
127   UU  EHZ  40 42.5104 111 47.9792 1844 .0  P  0.00  0.00  0.00  0.00 0 0.00 01
128   UU  EHE  40 42.4108 111 48.7863 1446 .0  P  0.00  0.00  0.00  0.00 0 0.00 01
128   UU  EHN  40 42.4108 111 48.7863 1446 .0  P  0.00  0.00  0.00  0.00 0 0.00 01
128   UU  EHZ  40 42.4108 111 48.7863 1446 .0  P  0.00  0.00  0.00  0.00 0 0.00 01
129   UU  EHE  40 41.9652 111 48.8231 1440 .0  P  0.00  0.00  0.00  0.00 0 0.00 01
129   UU  EHN  40 41.9652 111 48.8231 1440 .0  P  0.00  0.00  0.00  0.00 0 0.00 01
129   UU  EHZ  40 41.9652 111 48.8231 1440 .0  P  0.00  0.00  0.00  0.00 0 0.00 01
130   UU  EHE  40 41.0092 111 48.7823 1428 .0  P  0.00  0.00  0.00  0.00 0 0.00 01
130   UU  EHN  40 41.0092 111 48.7823 1428 .0  P  0.00  0.00  0.00  0.00 0 0.00 01
130   UU  EHZ  40 41.0092 111 48.7823 1428 .0  P  0.00  0.00  0.00  0.00 0 0.00 01
131   UU  EHE  40 40.7155 111 48.4402 1457 .0  P  0.00  0.00  0.00  0.00 0 0.00 01
131   UU  EHN  40 40.7155 111 48.4402 1457 .0  P  0.00  0.00  0.00  0.00 0 0.00 01
131   UU  EHZ  40 40.7155 111 48.4402 1457 .0  P  0.00  0.00  0.00  0.00 0 0.00 01
132   UU  EHE  40 39.9818 111 48.0492 1534 .0  P  0.00  0.00  0.00  0.00 0 0.00 01
132   UU  EHN  40 39.9818 111 48.0492 1534 .0  P  0.00  0.00  0.00  0.00 0 0.00 01
132   UU  EHZ  40 39.9818 111 48.0492 1534 .0  P  0.00  0.00  0.00  0.00 0 0.00 01
133   UU  EHE  40 40.4191 111 47.8000 1561 .0  P  0.00  0.00  0.00  0.00 0 0.00 01
133   UU  EHN  40 40.4191 111 47.8000 1561 .0  P  0.00  0.00  0.00  0.00 0 0.00 01
133   UU  EHZ  40 40.4191 111 47.8000 1561 .0  P  0.00  0.00  0.00  0.00 0 0.00 01
134   UU  EHE  40 40.3566 111 47.3053 1643 .0  P  0.00  0.00  0.00  0.00 0 0.00 01
134   UU  EHN  40 40.3566 111 47.3053 1643 .0  P  0.00  0.00  0.00  0.00 0 0.00 01
134   UU  EHZ  40 40.3566 111 47.3053 1643 .0  P  0.00  0.00  0.00  0.00 0 0.00 01
135   UU  EHE  40 40.8988 111 47.6735 1533 .0  P  0.00  0.00  0.00  0.00 0 0.00 01
135   UU  EHN  40 40.8988 111 47.6735 1533 .0  P  0.00  0.00  0.00  0.00 0 0.00 01
135   UU  EHZ  40 40.8988 111 47.6735 1533 .0  P  0.00  0.00  0.00  0.00 0 0.00 01
136   UU  EHE  40 41.4581 111 47.6957 1506 .0  P  0.00  0.00  0.00  0.00 0 0.00 01
136   UU  EHN  40 41.4581 111 47.6957 1506 .0  P  0.00  0.00  0.00  0.00 0 0.00 01
136   UU  EHZ  40 41.4581 111 47.6957 1506 .0  P  0.00  0.00  0.00  0.00 0 0.00 01
137   UU  EHE  40 44.7491 111 50.3347 1417 .0  P  0.00  0.00  0.00  0.00 0 0.00 01
137   UU  EHN  40 44.7491 111 50.3347 1417 .0  P  0.00  0.00  0.00  0.00 0 0.00 01
137   UU  EHZ  40 44.7491 111 50.3347 1417 .0  P  0.00  0.00  0.00  0.00 0 0.00 01
201   UU  EHE  40 47.9684 112 05.4410 1265 .0  P  0.00  0.06  0.00  0.00 0 0.00 01
201   UU  EHN  40 47.9684 112 05.4410 1265 .0  P  0.00  0.06  0.00  0.00 0 0.00 01
201   UU  EHZ  40 47.9684 112 05.4410 1265 .0  P  0.00  0.06  0.00  0.00 0 0.00 01
202   UU  EHE  40 48.0551 112 05.3199 1265 .0  P  0.00  0.25  0.00  0.00 0 0.00 01
202   UU  EHN  40 48.0551 112 05.3199 1265 .0  P  0.00  0.25  0.00  0.00 0 0.00 01
202   UU  EHZ  40 48.0551 112 05.3199 1265 .0  P  0.00  0.25  0.00  0.00 0 0.00 01
203   UU  EHE  40 48.1844 112 05.1495 1264 .0  P  0.00  0.00  0.00  0.00 0 0.00 01
203   UU  EHN  40 48.1844 112 05.1495 1264 .0  P  0.00  0.00  0.00  0.00 0 0.00 01
203   UU  EHZ  40 48.1844 112 05.1495 1264 .0  P  0.00  0.00  0.00  0.00 0 0.00 01
204   UU  EHE  40 48.3261 112 04.9617 1272 .0  P  0.00  0.09  0.00  0.00 0 0.00 01
204   UU  EHN  40 48.3261 112 04.9617 1272 .0  P  0.00  0.09  0.00  0.00 0 0.00 01
204   UU  EHZ  40 48.3261 112 04.9617 1272 .0  P  0.00  0.09  0.00  0.00 0 0.00 01
205   UU  EHE  40 48.5454 112 05.3667 1267 .0  P  0.00  0.36  0.00  0.00 0 0.00 01
205   UU  EHN  40 48.5454 112 05.3667 1267 .0  P  0.00  0.36  0.00  0.00 0 0.00 01
205   UU  EHZ  40 48.5454 112 05.3667 1267 .0  P  0.00  0.36  0.00  0.00 0 0.00 01
206   UU  EHE  40 48.4535 112 05.6273 1268 .0  P  0.00  0.32  0.00  0.00 0 0.00 01
206   UU  EHN  40 48.4535 112 05.6273 1268 .0  P  0.00  0.32  0.00  0.00 0 0.00 01
206   UU  EHZ  40 48.4535 112 05.6273 1268 .0  P  0.00  0.32  0.00  0.00 0 0.00 01
207   UU  EHE  40 48.3254 112 05.8019 1262 .0  P  0.00  0.52  0.00  0.00 0 0.00 01
207   UU  EHN  40 48.3254 112 05.8019 1262 .0  P  0.00  0.52  0.00  0.00 0 0.00 01
207   UU  EHZ  40 48.3254 112 05.8019 1262 .0  P  0.00  0.52  0.00  0.00 0 0.00 01
208   UU  EHE  40 48.1712 112 06.0696 1266 .0  P  0.00  0.71  0.00  0.00 0 0.00 01
208   UU  EHN  40 48.1712 112 06.0696 1266 .0  P  0.00  0.71  0.00  0.00 0 0.00 01
208   UU  EHZ  40 48.1712 112 06.0696 1266 .0  P  0.00  0.71  0.00  0.00 0 0.00 01
209   UU  EHE  40 47.8877 112 05.1700 1266 .0  P  0.00  0.00  0.00  0.00 0 0.00 01
209   UU  EHN  40 47.8877 112 05.1700 1266 .0  P  0.00  0.00  0.00  0.00 0 0.00 01
209   UU  EHZ  40 47.8877 112 05.1700 1266 .0  P  0.00  0.00  0.00  0.00 0 0.00 01
210   UU  EHE  40 47.6665 112 04.9484 1272 .0  P  0.00  0.27  0.00  0.00 0 0.00 01
210   UU  EHN  40 47.6665 112 04.9484 1272 .0  P  0.00  0.27  0.00  0.00 0 0.00 01
210   UU  EHZ  40 47.6665 112 04.9484 1272 .0  P  0.00  0.27  0.00  0.00 0 0.00 01
211   UU  EHE  40 47.3588 112 04.9528 1266 .0  P  0.00  0.35  0.00  0.00 0 0.00 01
211   UU  EHN  40 47.3588 112 04.9528 1266 .0  P  0.00  0.35  0.00  0.00 0 0.00 01
211   UU  EHZ  40 47.3588 112 04.9528 1266 .0  P  0.00  0.35  0.00  0.00 0 0.00 01
212   UU  EHE  40 46.9544 112 04.9576 1269 .0  P  0.00  0.27  0.00  0.00 0 0.00 01
212   UU  EHN  40 46.9544 112 04.9576 1269 .0  P  0.00  0.27  0.00  0.00 0 0.00 01
212   UU  EHZ  40 46.9544 112 04.9576 1269 .0  P  0.00  0.27  0.00  0.00 0 0.00 01
213   UU  EHE  40 46.6411 112 04.9568 1271 .0  P  0.00  0.18  0.00  0.00 0 0.00 01
213   UU  EHN  40 46.6411 112 04.9568 1271 .0  P  0.00  0.18  0.00  0.00 0 0.00 01
213   UU  EHZ  40 46.6411 112 04.9568 1271 .0  P  0.00  0.18  0.00  0.00 0 0.00 01
215   UU  EHE  40 48.8772 111 58.0628 1271 .0  P  0.00  0.00  0.00  0.00 0 0.00 01
215   UU  EHN  40 48.8772 111 58.0628 1271 .0  P  0.00  0.00  0.00  0.00 0 0.00 01
215   UU  EHZ  40 48.8772 111 58.0628 1271 .0  P  0.00  0.00  0.00  0.00 0 0.00 01
216   UU  EHE  40 49.2582 111 58.0634 1272 .0  P  0.00  0.00  0.00  0.00 0 0.00 01
216   UU  EHN  40 49.2582 111 58.0634 1272 .0  P  0.00  0.00  0.00  0.00 0 0.00 01
216   UU  EHZ  40 49.2582 111 58.0634 1272 .0  P  0.00  0.00  0.00  0.00 0 0.00 01
217   UU  EHE  40 49.6398 111 58.0635 1287 .0  P  0.00  0.00  0.00  0.00 0 0.00 01
217   UU  EHN  40 49.6398 111 58.0635 1287 .0  P  0.00  0.00  0.00  0.00 0 0.00 01
217   UU  EHZ  40 49.6398 111 58.0635 1287 .0  P  0.00  0.00  0.00  0.00 0 0.00 01
218   UU  EHE  40 50.0133 111 58.0631 1266 .0  P  0.00  0.00  0.00  0.00 0 0.00 01
218   UU  EHN  40 50.0133 111 58.0631 1266 .0  P  0.00  0.00  0.00  0.00 0 0.00 01
218   UU  EHZ  40 50.0133 111 58.0631 1266 .0  P  0.00  0.00  0.00  0.00 0 0.00 01
219   UU  EHE  40 37.6556 111 58.7475 1369 .0  P  0.00  0.00  0.00  0.00 0 0.00 01
219   UU  EHN  40 37.6556 111 58.7475 1369 .0  P  0.00  0.00  0.00  0.00 0 0.00 01
219   UU  EHZ  40 37.6556 111 58.7475 1369 .0  P  0.00  0.00  0.00  0.00 0 0.00 01
220   UU  EHE  40 38.5617 111 59.3799 1409 .0  P  0.00  0.00  0.00  0.00 0 0.00 01
220   UU  EHN  40 38.5617 111 59.3799 1409 .0  P  0.00  0.00  0.00  0.00 0 0.00 01
220   UU  EHZ  40 38.5617 111 59.3799 1409 .0  P  0.00  0.00  0.00  0.00 0 0.00 01
221   UU  EHE  40 36.2470 112 03.8649 1556 .0  P  0.00  0.00  0.00  0.00 0 0.00 01
221   UU  EHN  40 36.2470 112 03.8649 1556 .0  P  0.00  0.00  0.00  0.00 0 0.00 01
221   UU  EHZ  40 36.2470 112 03.8649 1556 .0  P  0.00  0.00  0.00  0.00 0 0.00 01
222   UU  EHE  40 37.4412 112 03.1316 1556 .0  P  0.00  0.00  0.00  0.00 0 0.00 01
222   UU  EHN  40 37.4412 112 03.1316 1556 .0  P  0.00  0.00  0.00  0.00 0 0.00 01
222   UU  EHZ  40 37.4412 112 03.1316 1556 .0  P  0.00  0.00  0.00  0.00 0 0.00 01
223   UU  EHE  40 40.2591 112 01.0210 1362 .0  P  0.00  0.00  0.00  0.00 0 0.00 01
223   UU  EHN  40 40.2591 112 01.0210 1362 .0  P  0.00  0.00  0.00  0.00 0 0.00 01
223   UU  EHZ  40 40.2591 112 01.0210 1362 .0  P  0.00  0.00  0.00  0.00 0 0.00 01
224   UU  EHE  40 41.3635 111 58.0417 1287 .0  P  0.00  0.00  0.00  0.00 0 0.00 01
224   UU  EHN  40 41.3635 111 58.0417 1287 .0  P  0.00  0.00  0.00  0.00 0 0.00 01
224   UU  EHZ  40 41.3635 111 58.0417 1287 .0  P  0.00  0.00  0.00  0.00 0 0.00 01
225   UU  EHE  40 42.6059 111 57.8451 1276 .0  P  0.00  0.00  0.00  0.00 0 0.00 01
225   UU  EHN  40 42.6059 111 57.8451 1276 .0  P  0.00  0.00  0.00  0.00 0 0.00 01
225   UU  EHZ  40 42.6059 111 57.8451 1276 .0  P  0.00  0.00  0.00  0.00 0 0.00 01
226   UU  EHE  40 41.0858 111 57.3651 1283 .0  P  0.00  0.00  0.00  0.00 0 0.00 01
226   UU  EHN  40 41.0858 111 57.3651 1283 .0  P  0.00  0.00  0.00  0.00 0 0.00 01
226   UU  EHZ  40 41.0858 111 57.3651 1283 .0  P  0.00  0.00  0.00  0.00 0 0.00 01
227   UU  EHE  40 29.8427 112 01.1677 1483 .0  P  0.00  0.00  0.00  0.00 0 0.00 01
227   UU  EHN  40 29.8427 112 01.1677 1483 .0  P  0.00  0.00  0.00  0.00 0 0.00 01
227   UU  EHZ  40 29.8427 112 01.1677 1483 .0  P  0.00  0.00  0.00  0.00 0 0.00 01
228   UU  EHE  40 30.0456 112 01.7396 1495 .0  P  0.00  0.00  0.00  0.00 0 0.00 01
228   UU  EHN  40 30.0456 112 01.7396 1495 .0  P  0.00  0.00  0.00  0.00 0 0.00 01
228   UU  EHZ  40 30.0456 112 01.7396 1495 .0  P  0.00  0.00  0.00  0.00 0 0.00 01
229   UU  EHE  40 28.8739 112 00.6727 1560 .0  P  0.00  0.00  0.00  0.00 0 0.00 01
229   UU  EHN  40 28.8739 112 00.6727 1560 .0  P  0.00  0.00  0.00  0.00 0 0.00 01
229   UU  EHZ  40 28.8739 112 00.6727 1560 .0  P  0.00  0.00  0.00  0.00 0 0.00 01
230   UU  EHE  40 32.6954 111 51.0026 1442 .0  P  0.00  0.00  0.00  0.00 0 0.00 01
230   UU  EHN  40 32.6954 111 51.0026 1442 .0  P  0.00  0.00  0.00  0.00 0 0.00 01
230   UU  EHZ  40 32.6954 111 51.0026 1442 .0  P  0.00  0.00  0.00  0.00 0 0.00 01
232   UU  EHE  40 33.1485 111 50.1839 1451 .0  P  0.00  0.00  0.00  0.00 0 0.00 01
232   UU  EHN  40 33.1485 111 50.1839 1451 .0  P  0.00  0.00  0.00  0.00 0 0.00 01
232   UU  EHZ  40 33.1485 111 50.1839 1451 .0  P  0.00  0.00  0.00  0.00 0 0.00 01
233   UU  EHE  40 33.9666 111 51.9274 1378 .0  P  0.00  0.00  0.00  0.00 0 0.00 01
233   UU  EHN  40 33.9666 111 51.9274 1378 .0  P  0.00  0.00  0.00  0.00 0 0.00 01
233   UU  EHZ  40 33.9666 111 51.9274 1378 .0  P  0.00  0.00  0.00  0.00 0 0.00 01
234   UU  EHE  40 43.0155 111 55.4763 1275 .0  P  0.00  0.00  0.00  0.00 0 0.00 01
234   UU  EHN  40 43.0155 111 55.4763 1275 .0  P  0.00  0.00  0.00  0.00 0 0.00 01
234   UU  EHZ  40 43.0155 111 55.4763 1275 .0  P  0.00  0.00  0.00  0.00 0 0.00 01
235   UU  EHE  40 46.8694 111 53.4758 1341 .0  P  0.00  0.00  0.00  0.00 0 0.00 01
235   UU  EHN  40 46.8694 111 53.4758 1341 .0  P  0.00  0.00  0.00  0.00 0 0.00 01
235   UU  EHZ  40 46.8694 111 53.4758 1341 .0  P  0.00  0.00  0.00  0.00 0 0.00 01
236   UU  EHE  40 40.7705 112 05.5277 1398 .0  P  0.00  0.00  0.00  0.00 0 0.00 01
236   UU  EHN  40 40.7705 112 05.5277 1398 .0  P  0.00  0.00  0.00  0.00 0 0.00 01
236   UU  EHZ  40 40.7705 112 05.5277 1398 .0  P  0.00  0.00  0.00  0.00 0 0.00 01
237   UU  EHE  40 39.7411 112 05.3319 1478 .0  P  0.00  0.00  0.00  0.00 0 0.00 01
237   UU  EHN  40 39.7411 112 05.3319 1478 .0  P  0.00  0.00  0.00  0.00 0 0.00 01
237   UU  EHZ  40 39.7411 112 05.3319 1478 .0  P  0.00  0.00  0.00  0.00 0 0.00 01
238   UU  EHE  40 39.0812 112 04.4072 1528 .0  P  0.00  0.00  0.00  0.00 0 0.00 01
238   UU  EHN  40 39.0812 112 04.4072 1528 .0  P  0.00  0.00  0.00  0.00 0 0.00 01
238   UU  EHZ  40 39.0812 112 04.4072 1528 .0  P  0.00  0.00  0.00  0.00 0 0.00 01
239   UU  EHE  40 38.3253 112 03.5465 1542 .0  P  0.00  0.00  0.00  0.00 0 0.00 01
239   UU  EHN  40 38.3253 112 03.5465 1542 .0  P  0.00  0.00  0.00  0.00 0 0.00 01
239   UU  EHZ  40 38.3253 112 03.5465 1542 .0  P  0.00  0.00  0.00  0.00 0 0.00 01
240   UU  EHE  40 36.7037 112 03.3228 1526 .0  P  0.00  0.00  0.00  0.00 0 0.00 01
240   UU  EHN  40 36.7037 112 03.3228 1526 .0  P  0.00  0.00  0.00  0.00 0 0.00 01
240   UU  EHZ  40 36.7037 112 03.3228 1526 .0  P  0.00  0.00  0.00  0.00 0 0.00 01
241   UU  EHE  40 32.8150 112 03.9134 1564 .0  P  0.00  0.00  0.00  0.00 0 0.00 01
241   UU  EHN  40 32.8150 112 03.9134 1564 .0  P  0.00  0.00  0.00  0.00 0 0.00 01
241   UU  EHZ  40 32.8150 112 03.9134 1564 .0  P  0.00  0.00  0.00  0.00 0 0.00 01
242   UU  EHE  40 31.4705 112 05.4966 1641 .0  P  0.00  0.00  0.00  0.00 0 0.00 01
242   UU  EHN  40 31.4705 112 05.4966 1641 .0  P  0.00  0.00  0.00  0.00 0 0.00 01
242   UU  EHZ  40 31.4705 112 05.4966 1641 .0  P  0.00  0.00  0.00  0.00 0 0.00 01
243   UU  EHE  40 31.9189 112 04.8332 1594 .0  P  0.00  0.00  0.00  0.00 0 0.00 01
243   UU  EHN  40 31.9189 112 04.8332 1594 .0  P  0.00  0.00  0.00  0.00 0 0.00 01
243   UU  EHZ  40 31.9189 112 04.8332 1594 .0  P  0.00  0.00  0.00  0.00 0 0.00 01
244   UU  EHE  40 32.2072 112 04.1874 1559 .0  P  0.00  0.00  0.00  0.00 0 0.00 01
244   UU  EHN  40 32.2072 112 04.1874 1559 .0  P  0.00  0.00  0.00  0.00 0 0.00 01
244   UU  EHZ  40 32.2072 112 04.1874 1559 .0  P  0.00  0.00  0.00  0.00 0 0.00 01
401   UU  EHE  40 47.3045 111 51.4820 1630 .0  P  0.00  0.00  0.00  0.00 0 0.00 01
401   UU  EHN  40 47.3045 111 51.4820 1630 .0  P  0.00  0.00  0.00  0.00 0 0.00 01
401   UU  EHZ  40 47.3045 111 51.4820 1630 .0  P  0.00  0.00  0.00  0.00 0 0.00 01
402   UU  EHE  40 47.3069 111 51.4810 1632 .0  P  0.00  0.00  0.00  0.00 0 0.00 01
402   UU  EHN  40 47.3069 111 51.4810 1632 .0  P  0.00  0.00  0.00  0.00 0 0.00 01
402   UU  EHZ  40 47.3069 111 51.4810 1632 .0  P  0.00  0.00  0.00  0.00 0 0.00 01
403   UU  EHE  40 47.3137 111 51.4806 1637 .0  P  0.00  0.00  0.00  0.00 0 0.00 01
403   UU  EHN  40 47.3137 111 51.4806 1637 .0  P  0.00  0.00  0.00  0.00 0 0.00 01
403   UU  EHZ  40 47.3137 111 51.4806 1637 .0  P  0.00  0.00  0.00  0.00 0 0.00 01
404   UU  EHE  40 47.3194 111 51.4758 1637 .0  P  0.00  0.00  0.00  0.00 0 0.00 01
404   UU  EHN  40 47.3194 111 51.4758 1637 .0  P  0.00  0.00  0.00  0.00 0 0.00 01
404   UU  EHZ  40 47.3194 111 51.4758 1637 .0  P  0.00  0.00  0.00  0.00 0 0.00 01
405   UU  EHE  40 47.3264 111 51.4733 1637 .0  P  0.00  0.00  0.00  0.00 0 0.00 01
405   UU  EHN  40 47.3264 111 51.4733 1637 .0  P  0.00  0.00  0.00  0.00 0 0.00 01
405   UU  EHZ  40 47.3264 111 51.4733 1637 .0  P  0.00  0.00  0.00  0.00 0 0.00 01
406   UU  EHE  40 47.3312 111 51.4702 1639 .0  P  0.00  0.00  0.00  0.00 0 0.00 01
406   UU  EHN  40 47.3312 111 51.4702 1639 .0  P  0.00  0.00  0.00  0.00 0 0.00 01
406   UU  EHZ  40 47.3312 111 51.4702 1639 .0  P  0.00  0.00  0.00  0.00 0 0.00 01
407   UU  EHE  40 47.3354 111 51.4680 1639 .0  P  0.00  0.00  0.00  0.00 0 0.00 01
407   UU  EHN  40 47.3354 111 51.4680 1639 .0  P  0.00  0.00  0.00  0.00 0 0.00 01
407   UU  EHZ  40 47.3354 111 51.4680 1639 .0  P  0.00  0.00  0.00  0.00 0 0.00 01
408   UU  EHE  40 47.3428 111 51.4651 1641 .0  P  0.00  0.00  0.00  0.00 0 0.00 01
408   UU  EHN  40 47.3428 111 51.4651 1641 .0  P  0.00  0.00  0.00  0.00 0 0.00 01
408   UU  EHZ  40 47.3428 111 51.4651 1641 .0  P  0.00  0.00  0.00  0.00 0 0.00 01
409   UU  EHE  40 47.3475 111 51.4637 1641 .0  P  0.00  0.00  0.00  0.00 0 0.00 01
409   UU  EHN  40 47.3475 111 51.4637 1641 .0  P  0.00  0.00  0.00  0.00 0 0.00 01
409   UU  EHZ  40 47.3475 111 51.4637 1641 .0  P  0.00  0.00  0.00  0.00 0 0.00 01
410   UU  EHE  40 47.3544 111 51.4587 1638 .0  P  0.00  0.00  0.00  0.00 0 0.00 01
410   UU  EHN  40 47.3544 111 51.4587 1638 .0  P  0.00  0.00  0.00  0.00 0 0.00 01
410   UU  EHZ  40 47.3544 111 51.4587 1638 .0  P  0.00  0.00  0.00  0.00 0 0.00 01
411   UU  EHE  40 47.3629 111 51.4540 1639 .0  P  0.00  0.00  0.00  0.00 0 0.00 01
411   UU  EHN  40 47.3629 111 51.4540 1639 .0  P  0.00  0.00  0.00  0.00 0 0.00 01
411   UU  EHZ  40 47.3629 111 51.4540 1639 .0  P  0.00  0.00  0.00  0.00 0 0.00 01
412   UU  EHE  40 47.3675 111 51.4516 1639 .0  P  0.00  0.00  0.00  0.00 0 0.00 01
412   UU  EHN  40 47.3675 111 51.4516 1639 .0  P  0.00  0.00  0.00  0.00 0 0.00 01
412   UU  EHZ  40 47.3675 111 51.4516 1639 .0  P  0.00  0.00  0.00  0.00 0 0.00 01
413   UU  EHE  40 47.3747 111 51.4478 1641 .0  P  0.00  0.00  0.00  0.00 0 0.00 01
413   UU  EHN  40 47.3747 111 51.4478 1641 .0  P  0.00  0.00  0.00  0.00 0 0.00 01
413   UU  EHZ  40 47.3747 111 51.4478 1641 .0  P  0.00  0.00  0.00  0.00 0 0.00 01
414   UU  EHE  40 47.3819 111 51.4442 1642 .0  P  0.00  0.00  0.00  0.00 0 0.00 01
414   UU  EHN  40 47.3819 111 51.4442 1642 .0  P  0.00  0.00  0.00  0.00 0 0.00 01
414   UU  EHZ  40 47.3819 111 51.4442 1642 .0  P  0.00  0.00  0.00  0.00 0 0.00 01
415   UU  EHE  40 47.3866 111 51.4426 1642 .0  P  0.00  0.00  0.00  0.00 0 0.00 01
415   UU  EHN  40 47.3866 111 51.4426 1642 .0  P  0.00  0.00  0.00  0.00 0 0.00 01
415   UU  EHZ  40 47.3866 111 51.4426 1642 .0  P  0.00  0.00  0.00  0.00 0 0.00 01
416   UU  EHE  40 47.3917 111 51.4407 1640 .0  P  0.00  0.00  0.00  0.00 0 0.00 01
416   UU  EHN  40 47.3917 111 51.4407 1640 .0  P  0.00  0.00  0.00  0.00 0 0.00 01
416   UU  EHZ  40 47.3917 111 51.4407 1640 .0  P  0.00  0.00  0.00  0.00 0 0.00 01
417   UU  EHE  40 47.3974 111 51.4363 1645 .0  P  0.00  0.00  0.00  0.00 0 0.00 01
417   UU  EHN  40 47.3974 111 51.4363 1645 .0  P  0.00  0.00  0.00  0.00 0 0.00 01
417   UU  EHZ  40 47.3974 111 51.4363 1645 .0  P  0.00  0.00  0.00  0.00 0 0.00 01
418   UU  EHE  40 47.4050 111 51.4336 1644 .0  P  0.00  0.00  0.00  0.00 0 0.00 01
418   UU  EHN  40 47.4050 111 51.4336 1644 .0  P  0.00  0.00  0.00  0.00 0 0.00 01
418   UU  EHZ  40 47.4050 111 51.4336 1644 .0  P  0.00  0.00  0.00  0.00 0 0.00 01
419   UU  EHE  40 47.4116 111 51.4291 1647 .0  P  0.00  0.00  0.00  0.00 0 0.00 01
419   UU  EHN  40 47.4116 111 51.4291 1647 .0  P  0.00  0.00  0.00  0.00 0 0.00 01
419   UU  EHZ  40 47.4116 111 51.4291 1647 .0  P  0.00  0.00  0.00  0.00 0 0.00 01
420   UU  EHE  40 47.4168 111 51.4268 1648 .0  P  0.00  0.00  0.00  0.00 0 0.00 01
420   UU  EHN  40 47.4168 111 51.4268 1648 .0  P  0.00  0.00  0.00  0.00 0 0.00 01
420   UU  EHZ  40 47.4168 111 51.4268 1648 .0  P  0.00  0.00  0.00  0.00 0 0.00 01
421   UU  EHE  40 47.4220 111 51.4261 1648 .0  P  0.00  0.00  0.00  0.00 0 0.00 01
421   UU  EHN  40 47.4220 111 51.4261 1648 .0  P  0.00  0.00  0.00  0.00 0 0.00 01
421   UU  EHZ  40 47.4220 111 51.4261 1648 .0  P  0.00  0.00  0.00  0.00 0 0.00 01
422   UU  EHE  40 47.4292 111 51.4225 1651 .0  P  0.00  0.00  0.00  0.00 0 0.00 01
422   UU  EHN  40 47.4292 111 51.4225 1651 .0  P  0.00  0.00  0.00  0.00 0 0.00 01
422   UU  EHZ  40 47.4292 111 51.4225 1651 .0  P  0.00  0.00  0.00  0.00 0 0.00 01
423   UU  EHE  40 47.4363 111 51.4196 1654 .0  P  0.00  0.00  0.00  0.00 0 0.00 01
423   UU  EHN  40 47.4363 111 51.4196 1654 .0  P  0.00  0.00  0.00  0.00 0 0.00 01
423   UU  EHZ  40 47.4363 111 51.4196 1654 .0  P  0.00  0.00  0.00  0.00 0 0.00 01
424   UU  EHE  40 47.4424 111 51.4150 1657 .0  P  0.00  0.00  0.00  0.00 0 0.00 01
424   UU  EHN  40 47.4424 111 51.4150 1657 .0  P  0.00  0.00  0.00  0.00 0 0.00 01
424   UU  EHZ  40 47.4424 111 51.4150 1657 .0  P  0.00  0.00  0.00  0.00 0 0.00 01
425   UU  EHE  40 47.4463 111 51.4124 1656 .0  P  0.00  0.00  0.00  0.00 0 0.00 01
425   UU  EHN  40 47.4463 111 51.4124 1656 .0  P  0.00  0.00  0.00  0.00 0 0.00 01
425   UU  EHZ  40 47.4463 111 51.4124 1656 .0  P  0.00  0.00  0.00  0.00 0 0.00 01
426   UU  EHE  40 47.4522 111 51.4137 1656 .0  P  0.00  0.00  0.00  0.00 0 0.00 01
426   UU  EHN  40 47.4522 111 51.4137 1656 .0  P  0.00  0.00  0.00  0.00 0 0.00 01
426   UU  EHZ  40 47.4522 111 51.4137 1656 .0  P  0.00  0.00  0.00  0.00 0 0.00 01
427   UU  EHE  40 47.4588 111 51.4122 1658 .0  P  0.00  0.00  0.00  0.00 0 0.00 01
427   UU  EHN  40 47.4588 111 51.4122 1658 .0  P  0.00  0.00  0.00  0.00 0 0.00 01
427   UU  EHZ  40 47.4588 111 51.4122 1658 .0  P  0.00  0.00  0.00  0.00 0 0.00 01
428   UU  EHE  40 47.4667 111 51.4083 1664 .0  P  0.00  0.00  0.00  0.00 0 0.00 01
428   UU  EHN  40 47.4667 111 51.4083 1664 .0  P  0.00  0.00  0.00  0.00 0 0.00 01
428   UU  EHZ  40 47.4667 111 51.4083 1664 .0  P  0.00  0.00  0.00  0.00 0 0.00 01
429   UU  EHE  40 47.4695 111 51.4066 1661 .0  P  0.00  0.00  0.00  0.00 0 0.00 01
429   UU  EHN  40 47.4695 111 51.4066 1661 .0  P  0.00  0.00  0.00  0.00 0 0.00 01
429   UU  EHZ  40 47.4695 111 51.4066 1661 .0  P  0.00  0.00  0.00  0.00 0 0.00 01
430   UU  EHE  40 47.4777 111 51.4011 1690 .0  P  0.00  0.00  0.00  0.00 0 0.00 01
430   UU  EHN  40 47.4777 111 51.4011 1690 .0  P  0.00  0.00  0.00  0.00 0 0.00 01
430   UU  EHZ  40 47.4777 111 51.4011 1690 .0  P  0.00  0.00  0.00  0.00 0 0.00 01
431   UU  EHE  40 47.4838 111 51.3985 1692 .0  P  0.00  0.00  0.00  0.00 0 0.00 01
431   UU  EHN  40 47.4838 111 51.3985 1692 .0  P  0.00  0.00  0.00  0.00 0 0.00 01
431   UU  EHZ  40 47.4838 111 51.3985 1692 .0  P  0.00  0.00  0.00  0.00 0 0.00 01
432   UU  EHE  40 47.4899 111 51.3959 1694 .0  P  0.00  0.00  0.00  0.00 0 0.00 01
432   UU  EHN  40 47.4899 111 51.3959 1694 .0  P  0.00  0.00  0.00  0.00 0 0.00 01
432   UU  EHZ  40 47.4899 111 51.3959 1694 .0  P  0.00  0.00  0.00  0.00 0 0.00 01
433   UU  EHE  40 47.4961 111 51.3933 1695 .0  P  0.00  0.00  0.00  0.00 0 0.00 01
433   UU  EHN  40 47.4961 111 51.3933 1695 .0  P  0.00  0.00  0.00  0.00 0 0.00 01
433   UU  EHZ  40 47.4961 111 51.3933 1695 .0  P  0.00  0.00  0.00  0.00 0 0.00 01
434   UU  EHE  40 47.5022 111 51.3907 1694 .0  P  0.00  0.00  0.00  0.00 0 0.00 01
434   UU  EHN  40 47.5022 111 51.3907 1694 .0  P  0.00  0.00  0.00  0.00 0 0.00 01
434   UU  EHZ  40 47.5022 111 51.3907 1694 .0  P  0.00  0.00  0.00  0.00 0 0.00 01
435   UU  EHE  40 47.5083 111 51.3881 1692 .0  P  0.00  0.00  0.00  0.00 0 0.00 01
435   UU  EHN  40 47.5083 111 51.3881 1692 .0  P  0.00  0.00  0.00  0.00 0 0.00 01
435   UU  EHZ  40 47.5083 111 51.3881 1692 .0  P  0.00  0.00  0.00  0.00 0 0.00 01
436   UU  EHE  40 47.5144 111 51.3855 1690 .0  P  0.00  0.00  0.00  0.00 0 0.00 01
436   UU  EHN  40 47.5144 111 51.3855 1690 .0  P  0.00  0.00  0.00  0.00 0 0.00 01
436   UU  EHZ  40 47.5144 111 51.3855 1690 .0  P  0.00  0.00  0.00  0.00 0 0.00 01
437   UU  EHE  40 47.5205 111 51.3829 1688 .0  P  0.00  0.00  0.00  0.00 0 0.00 01
437   UU  EHN  40 47.5205 111 51.3829 1688 .0  P  0.00  0.00  0.00  0.00 0 0.00 01
437   UU  EHZ  40 47.5205 111 51.3829 1688 .0  P  0.00  0.00  0.00  0.00 0 0.00 01
438   UU  EHE  40 47.5267 111 51.3803 1688 .0  P  0.00  0.00  0.00  0.00 0 0.00 01
438   UU  EHN  40 47.5267 111 51.3803 1688 .0  P  0.00  0.00  0.00  0.00 0 0.00 01
438   UU  EHZ  40 47.5267 111 51.3803 1688 .0  P  0.00  0.00  0.00  0.00 0 0.00 01
439   UU  EHE  40 47.5328 111 51.3777 1688 .0  P  0.00  0.00  0.00  0.00 0 0.00 01
439   UU  EHN  40 47.5328 111 51.3777 1688 .0  P  0.00  0.00  0.00  0.00 0 0.00 01
439   UU  EHZ  40 47.5328 111 51.3777 1688 .0  P  0.00  0.00  0.00  0.00 0 0.00 01
440   UU  EHE  40 47.5389 111 51.3751 1589 .0  P  0.00  0.00  0.00  0.00 0 0.00 01
440   UU  EHN  40 47.5389 111 51.3751 1589 .0  P  0.00  0.00  0.00  0.00 0 0.00 01
440   UU  EHZ  40 47.5389 111 51.3751 1589 .0  P  0.00  0.00  0.00  0.00 0 0.00 01
441   UU  EHE  40 47.5450 111 51.3725 1691 .0  P  0.00  0.00  0.00  0.00 0 0.00 01
441   UU  EHN  40 47.5450 111 51.3725 1691 .0  P  0.00  0.00  0.00  0.00 0 0.00 01
441   UU  EHZ  40 47.5450 111 51.3725 1691 .0  P  0.00  0.00  0.00  0.00 0 0.00 01
442   UU  EHE  40 47.5511 111 51.3698 1692 .0  P  0.00  0.00  0.00  0.00 0 0.00 01
442   UU  EHN  40 47.5511 111 51.3698 1692 .0  P  0.00  0.00  0.00  0.00 0 0.00 01
442   UU  EHZ  40 47.5511 111 51.3698 1692 .0  P  0.00  0.00  0.00  0.00 0 0.00 01
443   UU  EHE  40 47.5573 111 51.3673 1695 .0  P  0.00  0.00  0.00  0.00 0 0.00 01
443   UU  EHN  40 47.5573 111 51.3673 1695 .0  P  0.00  0.00  0.00  0.00 0 0.00 01
443   UU  EHZ  40 47.5573 111 51.3673 1695 .0  P  0.00  0.00  0.00  0.00 0 0.00 01
